<?xml version="1.0" encoding="UTF-8"?>
<testng-results skipped="0" failed="0" ignored="2" total="4" passed="2">
  <reporter-output>
    <line>
      <![CDATA[captureScreen method called]]>
    </line>
    <line>
      <![CDATA[<a href='C:\Users\Sunny\workspace\DemoTestProject2\src\main\resources\screenshot\testValidLogin_09_07_2020_01_53_07.png'><img src='C:\Users\Sunny\workspace\DemoTestProject2\src\main\resources\screenshot\testValidLogin_09_07_2020_01_53_07.png'height='100' width='100'/></a>]]>
    </line>
    <line>
      <![CDATA[captureScreen method called]]>
    </line>
    <line>
      <![CDATA[<a href='C:\Users\Sunny\workspace\DemoTestProject2\src\main\resources\screenshot\testTillPaymentPage_09_07_2020_01_53_22.png'><img src='C:\Users\Sunny\workspace\DemoTestProject2\src\main\resources\screenshot\testTillPaymentPage_09_07_2020_01_53_22.png'height='100' width='100'/></a>]]>
    </line>
  </reporter-output>
  <suite name="Suite" duration-ms="39738" started-at="2020-07-09T08:22:43Z" finished-at="2020-07-09T08:23:22Z">
    <groups>
    </groups>
    <test name="Test" duration-ms="39738" started-at="2020-07-09T08:22:43Z" finished-at="2020-07-09T08:23:22Z">
      <class name="com.NewProject.testScript.TillPaymentPage">
        <test-method status="PASS" signature="beforeTest()[pri:0, instance:com.NewProject.testScript.TillPaymentPage@2d928643]" name="beforeTest" is-config="true" duration-ms="0" started-at="2020-07-09T13:53:08Z" finished-at="2020-07-09T13:53:08Z">
          <reporter-output>
          </reporter-output>
        </test-method> <!-- beforeTest -->
        <test-method status="PASS" signature="beforeMethod(java.lang.reflect.Method)[pri:0, instance:com.NewProject.testScript.TillPaymentPage@2d928643]" name="beforeMethod" is-config="true" duration-ms="5" started-at="2020-07-09T13:53:08Z" finished-at="2020-07-09T13:53:08Z">
          <params>
            <param index="0">
              <value>
                <![CDATA[public void com.NewProject.testScript.TillPaymentPage.testTillPaymentPage()]]>
              </value>
            </param>
          </params>
          <reporter-output>
          </reporter-output>
        </test-method> <!-- beforeMethod -->
        <test-method status="PASS" signature="testTillPaymentPage()[pri:0, instance:com.NewProject.testScript.TillPaymentPage@2d928643]" name="testTillPaymentPage" duration-ms="13951" started-at="2020-07-09T13:53:08Z" finished-at="2020-07-09T13:53:22Z">
          <reporter-output>
          </reporter-output>
        </test-method> <!-- testTillPaymentPage -->
        <test-method status="PASS" signature="afterMethod(org.testng.ITestResult)[pri:0, instance:com.NewProject.testScript.TillPaymentPage@2d928643]" name="afterMethod" is-config="true" duration-ms="500" started-at="2020-07-09T13:53:22Z" finished-at="2020-07-09T13:53:22Z">
          <params>
            <param index="0">
              <value>
                <![CDATA[[TestResult name=testTillPaymentPage status=SUCCESS method=TillPaymentPage.testTillPaymentPage()[pri:0, instance:com.NewProject.testScript.TillPaymentPage@2d928643] output={null}]]]>
              </value>
            </param>
          </params>
          <reporter-output>
            <line>
              <![CDATA[captureScreen method called]]>
            </line>
            <line>
              <![CDATA[<a href='C:\Users\Sunny\workspace\DemoTestProject2\src\main\resources\screenshot\testTillPaymentPage_09_07_2020_01_53_22.png'><img src='C:\Users\Sunny\workspace\DemoTestProject2\src\main\resources\screenshot\testTillPaymentPage_09_07_2020_01_53_22.png'height='100' width='100'/></a>]]>
            </line>
          </reporter-output>
        </test-method> <!-- afterMethod -->
      </class> <!-- com.NewProject.testScript.TillPaymentPage -->
      <class name="com.NewProject.testScript.LoginTest">
        <test-method status="PASS" signature="beforeSuite()[pri:0, instance:com.NewProject.testScript.LoginTest@6adede5]" name="beforeSuite" is-config="true" duration-ms="145" started-at="2020-07-09T13:52:43Z" finished-at="2020-07-09T13:52:43Z">
          <reporter-output>
          </reporter-output>
        </test-method> <!-- beforeSuite -->
        <test-method status="PASS" signature="beforeMethod()[pri:0, instance:com.NewProject.testScript.LoginTest@6adede5]" name="beforeMethod" is-config="true" duration-ms="18364" started-at="2020-07-09T13:52:43Z" finished-at="2020-07-09T13:53:01Z">
          <reporter-output>
          </reporter-output>
        </test-method> <!-- beforeMethod -->
        <test-method status="PASS" signature="beforeTest()[pri:0, instance:com.NewProject.testScript.LoginTest@6adede5]" name="beforeTest" is-config="true" duration-ms="5" started-at="2020-07-09T13:53:01Z" finished-at="2020-07-09T13:53:01Z">
          <reporter-output>
          </reporter-output>
        </test-method> <!-- beforeTest -->
        <test-method status="PASS" signature="beforeMethod(java.lang.reflect.Method)[pri:0, instance:com.NewProject.testScript.LoginTest@6adede5]" name="beforeMethod" is-config="true" duration-ms="15" started-at="2020-07-09T13:53:01Z" finished-at="2020-07-09T13:53:01Z">
          <params>
            <param index="0">
              <value>
                <![CDATA[public void com.NewProject.testScript.LoginTest.testValidLogin()]]>
              </value>
            </param>
          </params>
          <reporter-output>
          </reporter-output>
        </test-method> <!-- beforeMethod -->
        <test-method status="PASS" signature="testValidLogin()[pri:0, instance:com.NewProject.testScript.LoginTest@6adede5]" name="testValidLogin" duration-ms="5879" started-at="2020-07-09T13:53:01Z" finished-at="2020-07-09T13:53:07Z">
          <reporter-output>
          </reporter-output>
        </test-method> <!-- testValidLogin -->
        <test-method status="PASS" signature="afterMethod(org.testng.ITestResult)[pri:0, instance:com.NewProject.testScript.LoginTest@6adede5]" name="afterMethod" is-config="true" duration-ms="987" started-at="2020-07-09T13:53:07Z" finished-at="2020-07-09T13:53:08Z">
          <params>
            <param index="0">
              <value>
                <![CDATA[[TestResult name=testValidLogin status=SUCCESS method=LoginTest.testValidLogin()[pri:0, instance:com.NewProject.testScript.LoginTest@6adede5] output={null}]]]>
              </value>
            </param>
          </params>
          <reporter-output>
            <line>
              <![CDATA[captureScreen method called]]>
            </line>
            <line>
              <![CDATA[<a href='C:\Users\Sunny\workspace\DemoTestProject2\src\main\resources\screenshot\testValidLogin_09_07_2020_01_53_07.png'><img src='C:\Users\Sunny\workspace\DemoTestProject2\src\main\resources\screenshot\testValidLogin_09_07_2020_01_53_07.png'height='100' width='100'/></a>]]>
            </line>
          </reporter-output>
        </test-method> <!-- afterMethod -->
      </class> <!-- com.NewProject.testScript.LoginTest -->
    </test> <!-- Test -->
  </suite> <!-- Suite -->
</testng-results>
